<?xml version="1.0" encoding="UTF-8"?>
<!-- Generated by org.testng.reporters.JUnitReportReporter -->
<testsuite hostname="LAPTOP-INQHA09L" failures="0" tests="1" name="com.tests.BuilderPatternUsingStaticInnerClassBuilder" time="3.467" errors="0" timestamp="2022-04-06T14:19:52 IST" skipped="0">
  <testcase classname="com.tests.BuilderPatternUsingStaticInnerClassBuilder" name="postJsonUsingBuilderTest" time="3.467"/>
  <system-out/>
</testsuite> <!-- com.tests.BuilderPatternUsingStaticInnerClassBuilder -->
